build/app/intermediates/proguard-rules/release/aapt_rules.txt
# Referenced at merged_manifests\release\AndroidManifest.xml:17
-keep class androidx.core.app.CoreComponentFactory { <init>(); }
# Referenced at merged_manifests\release\AndroidManifest.xml:23
-keep class com.softhub.indialearner.MainActivity { <init>(); }
# Referenced at merged_manifests\release\AndroidManifest.xml:58
-keep class io.flutter.plugins.urllauncher.WebViewActivity { <init>(); }