build/app/outputs/mapping/release/mapping.txt
# compiler: R8
# compiler_version: 1.5.64
# min_api: 16
# pg_map_id: 6380524
...
com.google.android.exoplayer2.extractor.mkv.MatroskaExtractor$InnerEbmlProcessor -> b.c.a.a.x1.g0.e$b:
    com.google.android.exoplayer2.extractor.mkv.MatroskaExtractor this$0 -> a
    void binaryElement(int,int,com.google.android.exoplayer2.extractor.ExtractorInput) -> a
    void endMasterElement(int) -> a
    void floatElement(int,double) -> a
    void integerElement(int,long) -> a
    void startMasterElement(int,long,long) -> a
    void stringElement(int,java.lang.String) -> a
    int getElementType(int) -> b
    boolean isLevel1Element(int) -> c
com.google.android.exoplayer2.extractor.mkv.MatroskaExtractor$Track -> b.c.a.a.x1.g0.e$c:
    int channelCount -> O
    float whitePointChromaticityX -> J
    float primaryGChromaticityX -> F
    int type -> d
    int maxFrameAverageLuminance -> C
    com.google.android.exoplayer2.extractor.mkv.MatroskaExtractor$TrueHdSampleRechunker trueHdSampleRechunker -> T
    int colorSpace -> y
    float projectionPoseYaw -> s
    java.lang.String name -> a
    boolean hasContentEncryption -> h
    int audioBitDepth -> P
    int displayUnit -> q
    float whitePointChromaticityY -> K
    int width -> m
    float primaryGChromaticityY -> G
    boolean flagForced -> U
    int defaultSampleDurationNs -> e
    byte[] projectionData -> v
    int colorTransfer -> z
    int nalUnitLengthFieldLength -> Y
    float projectionPosePitch -> t
    byte[] sampleStrippedBytes -> i
    long seekPreRollNs -> S
    int projectionType -> r
    int sampleRate -> Q
    int height -> n
    float maxMasteringLuminance -> L
    float primaryBChromaticityX -> H
    byte[] codecPrivate -> k
    byte[] dolbyVisionConfigBytes -> N
    int maxBlockAdditionId -> f
    float primaryRChromaticityX -> D
    boolean flagDefault -> V
    com.google.android.exoplayer2.drm.DrmInitData drmInitData -> l
    int colorRange -> A
    java.lang.String language -> W
    com.google.android.exoplayer2.extractor.TrackOutput$CryptoData cryptoData -> j
    float projectionPoseRoll -> u
    long codecDelayNs -> R
com.google.android.exoplayer2.extractor.mkv.MatroskaExtractor$TrueHdSampleRechunker -> b.c.a.a.x1.g0.e$d:
    byte[] syncframePrefix -> a
    int chunkSize -> f
    int chunkOffset -> g
    long chunkTimeUs -> d
    int chunkFlags -> e
    boolean foundSyncframe -> b
    int chunkSampleCount -> c
    void outputPendingSampleMetadata(com.google.android.exoplayer2.extractor.mkv.MatroskaExtractor$Track) -> a
    void reset() -> a
    void sampleMetadata(com.google.android.exoplayer2.extractor.mkv.MatroskaExtractor$Track,long,int,int,int) -> a
    void startSample(com.google.android.exoplayer2.extractor.ExtractorInput) -> a
com.google.android.exoplayer2.extractor.mkv.Sniffer -> b.c.a.a.x1.g0.f:
    int peekLength -> b
    com.google.android.exoplayer2.util.ParsableByteArray scratch -> a
    boolean sniff(com.google.android.exoplayer2.extractor.ExtractorInput) -> a
    long readUint(com.google.android.exoplayer2.extractor.ExtractorInput) -> b
com.google.android.exoplayer2.extractor.mkv.VarintReader -> b.c.a.a.x1.g0.g:
    long[] VARINT_LENGTH_MASKS -> d
    byte[] scratch -> a
    int state -> b
    int length -> c
    long assembleVarint(byte[],int,boolean) -> a
    int getLastLength() -> a
    int parseUnsignedVarintLength(int) -> a
    long readUnsignedVarint(com.google.android.exoplayer2.extractor.ExtractorInput,boolean,boolean,int) -> a
    void reset() -> b
com.google.android.exoplayer2.extractor.mp3.-$$Lambda$Mp3Extractor$6eyGfoogMVGFHZKg1gVp93FAKZA -> b.c.a.a.x1.h0.a:
    com.google.android.exoplayer2.extractor.mp3.-$$Lambda$Mp3Extractor$6eyGfoogMVGFHZKg1gVp93FAKZA INSTANCE -> a
    com.google.android.exoplayer2.extractor.Extractor[] createExtractors() -> a
    com.google.android.exoplayer2.extractor.Extractor[] createExtractors(android.net.Uri,java.util.Map) -> a